<?xml version="1.0" encoding="UTF-8"?>
<coverage generated="1536449412726" clover="3.2.0">
  <project timestamp="1536449412726" name="All files">
    <metrics statements="123" coveredstatements="98" conditionals="36" coveredconditionals="22" methods="32" coveredmethods="27" elements="191" coveredelements="147" complexity="0" loc="123" ncloc="123" packages="5" files="7" classes="7">
      <package name="algorithms.sorting">
        <metrics statements="36" coveredstatements="36" conditionals="16" coveredconditionals="15" methods="5" coveredmethods="5"/>
        <file name="merge-sort.ts" path="/Users/root1/workspace/google-interview-prep/topics/algorithms/sorting/merge-sort.ts">
          <metrics statements="14" coveredstatements="14" conditionals="6" coveredconditionals="6" methods="2" coveredmethods="2"/>
          <line num="1" count="1" type="stmt"/>
          <line num="2" count="18" type="stmt"/>
          <line num="3" count="18" type="stmt"/>
          <line num="4" count="18" type="stmt"/>
          <line num="6" count="18" type="cond" truecount="2" falsecount="0"/>
          <line num="7" count="41" type="cond" truecount="2" falsecount="0"/>
          <line num="8" count="9" type="stmt"/>
          <line num="10" count="32" type="stmt"/>
          <line num="14" count="18" type="stmt"/>
          <line num="21" count="1" type="stmt"/>
          <line num="22" count="38" type="cond" truecount="2" falsecount="0"/>
          <line num="23" count="20" type="stmt"/>
          <line num="26" count="18" type="stmt"/>
          <line num="28" count="18" type="stmt"/>
        </file>
        <file name="quick-sort.ts" path="/Users/root1/workspace/google-interview-prep/topics/algorithms/sorting/quick-sort.ts">
          <metrics statements="22" coveredstatements="22" conditionals="10" coveredconditionals="9" methods="3" coveredmethods="3"/>
          <line num="1" count="1" type="stmt"/>
          <line num="3" count="31" type="stmt"/>
          <line num="4" count="31" type="stmt"/>
          <line num="5" count="31" type="stmt"/>
          <line num="13" count="1" type="stmt"/>
          <line num="14" count="22" type="stmt"/>
          <line num="16" count="22" type="stmt"/>
          <line num="18" count="36" type="stmt"/>
          <line num="19" count="12" type="stmt"/>
          <line num="22" count="36" type="stmt"/>
          <line num="23" count="25" type="stmt"/>
          <line num="26" count="36" type="cond" truecount="2" falsecount="0"/>
          <line num="28" count="31" type="stmt"/>
          <line num="31" count="22" type="stmt"/>
          <line num="48" count="1" type="cond" truecount="2" falsecount="0"/>
          <line num="50" count="21" type="cond" truecount="1" falsecount="1"/>
          <line num="51" count="21" type="stmt"/>
          <line num="56" count="21" type="cond" truecount="2" falsecount="0"/>
          <line num="58" count="10" type="stmt"/>
          <line num="61" count="21" type="cond" truecount="2" falsecount="0"/>
          <line num="63" count="8" type="stmt"/>
          <line num="66" count="21" type="stmt"/>
        </file>
      </package>
      <package name="algorithms.traversal">
        <metrics statements="16" coveredstatements="16" conditionals="6" coveredconditionals="6" methods="4" coveredmethods="4"/>
        <file name="traverse-bst.ts" path="/Users/root1/workspace/google-interview-prep/topics/algorithms/traversal/traverse-bst.ts">
          <metrics statements="16" coveredstatements="16" conditionals="6" coveredconditionals="6" methods="4" coveredmethods="4"/>
          <line num="1" count="1" type="stmt"/>
          <line num="2" count="1" type="stmt"/>
          <line num="9" count="1" type="cond" truecount="2" falsecount="0"/>
          <line num="10" count="1" type="stmt"/>
          <line num="11" count="1" type="stmt"/>
          <line num="12" count="1" type="stmt"/>
          <line num="15" count="1" type="stmt"/>
          <line num="17" count="1" type="stmt"/>
          <line num="21" count="1" type="stmt"/>
          <line num="22" count="1" type="stmt"/>
          <line num="25" count="1" type="stmt"/>
          <line num="27" count="1" type="stmt"/>
          <line num="32" count="7" type="cond" truecount="2" falsecount="0"/>
          <line num="33" count="3" type="stmt"/>
          <line num="34" count="3" type="stmt"/>
          <line num="35" count="3" type="stmt"/>
        </file>
      </package>
      <package name="datastructures">
        <metrics statements="26" coveredstatements="21" conditionals="0" coveredconditionals="0" methods="12" coveredmethods="11"/>
        <file name="hash-table.ts" path="/Users/root1/workspace/google-interview-prep/topics/datastructures/hash-table.ts">
          <metrics statements="26" coveredstatements="21" conditionals="0" coveredconditionals="0" methods="12" coveredmethods="11"/>
          <line num="1" count="1" type="stmt"/>
          <line num="6" count="10002" type="stmt"/>
          <line num="7" count="10002" type="stmt"/>
          <line num="11" count="5" type="stmt"/>
          <line num="12" count="5" type="stmt"/>
          <line num="16" count="5" type="stmt"/>
          <line num="20" count="1" type="stmt"/>
          <line num="21" count="1" type="stmt"/>
          <line num="25" count="1" type="stmt"/>
          <line num="27" count="10000" type="stmt"/>
          <line num="31" count="2" type="stmt"/>
          <line num="35" count="2" type="stmt"/>
          <line num="41" count="0" type="stmt"/>
          <line num="42" count="0" type="stmt"/>
          <line num="43" count="0" type="stmt"/>
          <line num="44" count="0" type="stmt"/>
          <line num="46" count="0" type="stmt"/>
          <line num="50" count="2" type="stmt"/>
          <line num="51" count="2" type="stmt"/>
          <line num="53" count="2" type="stmt"/>
          <line num="54" count="8" type="stmt"/>
          <line num="55" count="8" type="stmt"/>
          <line num="56" count="8" type="stmt"/>
          <line num="59" count="2" type="stmt"/>
          <line num="63" count="1" type="stmt"/>
          <line num="67" count="1" type="stmt"/>
        </file>
      </package>
      <package name="datastructures.trees">
        <metrics statements="35" coveredstatements="21" conditionals="8" coveredconditionals="1" methods="9" coveredmethods="7"/>
        <file name="binary-search-tree.ts" path="/Users/root1/workspace/google-interview-prep/topics/datastructures/trees/binary-search-tree.ts">
          <metrics statements="26" coveredstatements="14" conditionals="8" coveredconditionals="1" methods="5" coveredmethods="5"/>
          <line num="4" count="2" type="stmt"/>
          <line num="9" count="2" type="stmt"/>
          <line num="10" count="2" type="stmt"/>
          <line num="14" count="1" type="stmt"/>
          <line num="18" count="1" type="stmt"/>
          <line num="19" count="1" type="stmt"/>
          <line num="23" count="1" type="cond" truecount="1" falsecount="1"/>
          <line num="24" count="1" type="stmt"/>
          <line num="26" count="0" type="stmt"/>
          <line num="27" count="0" type="cond" truecount="0" falsecount="2"/>
          <line num="28" count="0" type="stmt"/>
          <line num="29" count="0" type="cond" truecount="0" falsecount="2"/>
          <line num="30" count="0" type="stmt"/>
          <line num="32" count="0" type="stmt"/>
          <line num="34" count="0" type="stmt"/>
          <line num="36" count="1" type="stmt"/>
          <line num="37" count="1" type="stmt"/>
          <line num="41" count="1" type="stmt"/>
          <line num="42" count="1" type="stmt"/>
          <line num="44" count="1" type="stmt"/>
          <line num="45" count="0" type="stmt"/>
          <line num="46" count="0" type="stmt"/>
          <line num="48" count="0" type="cond" truecount="0" falsecount="2"/>
          <line num="49" count="0" type="stmt"/>
          <line num="51" count="0" type="stmt"/>
          <line num="54" count="1" type="stmt"/>
        </file>
        <file name="binary-tree-node.ts" path="/Users/root1/workspace/google-interview-prep/topics/datastructures/trees/binary-tree-node.ts">
          <metrics statements="9" coveredstatements="7" conditionals="0" coveredconditionals="0" methods="4" coveredmethods="2"/>
          <line num="4" count="2" type="stmt"/>
          <line num="10" count="3" type="stmt"/>
          <line num="11" count="3" type="stmt"/>
          <line num="12" count="3" type="stmt"/>
          <line num="16" count="2" type="stmt"/>
          <line num="26" count="3" type="stmt"/>
          <line num="27" count="3" type="stmt"/>
          <line num="31" count="0" type="stmt"/>
          <line num="39" count="0" type="stmt"/>
        </file>
      </package>
      <package name="datastructures.trees.avl-tree">
        <metrics statements="10" coveredstatements="4" conditionals="6" coveredconditionals="0" methods="2" coveredmethods="0"/>
        <file name="avl-tree.ts" path="/Users/root1/workspace/google-interview-prep/topics/datastructures/trees/avl-tree/avl-tree.ts">
          <metrics statements="10" coveredstatements="4" conditionals="6" coveredconditionals="0" methods="2" coveredmethods="0"/>
          <line num="1" count="1" type="stmt"/>
          <line num="2" count="1" type="stmt"/>
          <line num="5" count="1" type="stmt"/>
          <line num="20" count="1" type="stmt"/>
          <line num="22" count="0" type="stmt"/>
          <line num="28" count="0" type="stmt"/>
          <line num="33" count="0" type="cond" truecount="0" falsecount="2"/>
          <line num="34" count="0" type="stmt"/>
          <line num="36" count="0" type="stmt"/>
          <line num="43" count="0" type="stmt"/>
        </file>
      </package>
    </metrics>
  </project>
</coverage>
