{"/Users/root1/workspace/google-interview-prep/topics/algorithms/sorting/merge-sort.ts": {"path":"/Users/root1/workspace/google-interview-prep/topics/algorithms/sorting/merge-sort.ts","statementMap":{"0":{"start":{"line":2,"column":22},"end":{"line":2,"column":24}},"1":{"start":{"line":3,"column":11},"end":{"line":3,"column":12}},"2":{"start":{"line":4,"column":11},"end":{"line":4,"column":12}},"3":{"start":{"line":6,"column":2},"end":{"line":12,"column":3}},"4":{"start":{"line":7,"column":4},"end":{"line":11,"column":5}},"5":{"start":{"line":8,"column":6},"end":{"line":8,"column":30}},"6":{"start":{"line":10,"column":6},"end":{"line":10,"column":31}},"7":{"start":{"line":14,"column":2},"end":{"line":18,"column":4}},"8":{"start":{"line":1,"column":0},"end":{"line":19,"column":1}},"9":{"start":{"line":22,"column":2},"end":{"line":24,"column":3}},"10":{"start":{"line":23,"column":4},"end":{"line":23,"column":17}},"11":{"start":{"line":26,"column":22},"end":{"line":26,"column":50}},"12":{"start":{"line":28,"column":2},"end":{"line":31,"column":4}},"13":{"start":{"line":21,"column":0},"end":{"line":32,"column":1}}},"fnMap":{"0":{"name":"merge","decl":{"start":{"line":1,"column":16},"end":{"line":1,"column":21}},"loc":{"start":{"line":1,"column":46},"end":{"line":19,"column":1}}},"1":{"name":"mergeSortRecursive","decl":{"start":{"line":21,"column":16},"end":{"line":21,"column":34}},"loc":{"start":{"line":21,"column":48},"end":{"line":32,"column":1}}}},"branchMap":{"0":{"loc":{"start":{"line":6,"column":9},"end":{"line":6,"column":25}},"type":"binary-expr","locations":[{"start":{"line":6,"column":9},"end":{"line":6,"column":25}},{"start":{"line":6,"column":29},"end":{"line":6,"column":46}}]},"1":{"loc":{"start":{"line":7,"column":4},"end":{"line":11,"column":5}},"type":"if","locations":[{"start":{"line":7,"column":4},"end":{"line":11,"column":5}},{"start":{"line":7,"column":4},"end":{"line":11,"column":5}}]},"2":{"loc":{"start":{"line":22,"column":2},"end":{"line":24,"column":3}},"type":"if","locations":[{"start":{"line":22,"column":2},"end":{"line":24,"column":3}},{"start":{"line":22,"column":2},"end":{"line":24,"column":3}}]}},"s":{"0":18,"1":18,"2":18,"3":18,"4":41,"5":9,"6":32,"7":18,"8":1,"9":38,"10":20,"11":18,"12":18,"13":1},"f":{"0":18,"1":38},"b":{"0":[59,54],"1":[9,32],"2":[20,18]}}
,"/Users/root1/workspace/google-interview-prep/topics/algorithms/sorting/quick-sort.ts": {"path":"/Users/root1/workspace/google-interview-prep/topics/algorithms/sorting/quick-sort.ts","statementMap":{"0":{"start":{"line":3,"column":15},"end":{"line":3,"column":23}},"1":{"start":{"line":4,"column":2},"end":{"line":4,"column":22}},"2":{"start":{"line":5,"column":2},"end":{"line":5,"column":18}},"3":{"start":{"line":1,"column":0},"end":{"line":6,"column":1}},"4":{"start":{"line":14,"column":21},"end":{"line":14,"column":68}},"5":{"start":{"line":16,"column":2},"end":{"line":30,"column":3}},"6":{"start":{"line":18,"column":4},"end":{"line":20,"column":5}},"7":{"start":{"line":19,"column":6},"end":{"line":19,"column":21}},"8":{"start":{"line":22,"column":4},"end":{"line":24,"column":5}},"9":{"start":{"line":23,"column":6},"end":{"line":23,"column":22}},"10":{"start":{"line":26,"column":4},"end":{"line":29,"column":5}},"11":{"start":{"line":28,"column":6},"end":{"line":28,"column":45}},"12":{"start":{"line":31,"column":2},"end":{"line":31,"column":19}},"13":{"start":{"line":13,"column":0},"end":{"line":32,"column":1}},"14":{"start":{"line":50,"column":2},"end":{"line":65,"column":3}},"15":{"start":{"line":51,"column":27},"end":{"line":51,"column":66}},"16":{"start":{"line":56,"column":4},"end":{"line":59,"column":5}},"17":{"start":{"line":58,"column":6},"end":{"line":58,"column":54}},"18":{"start":{"line":61,"column":4},"end":{"line":64,"column":5}},"19":{"start":{"line":63,"column":6},"end":{"line":63,"column":51}},"20":{"start":{"line":66,"column":2},"end":{"line":66,"column":15}},"21":{"start":{"line":48,"column":0},"end":{"line":67,"column":1}}},"fnMap":{"0":{"name":"swap","decl":{"start":{"line":1,"column":16},"end":{"line":1,"column":20}},"loc":{"start":{"line":1,"column":56},"end":{"line":6,"column":1}}},"1":{"name":"partition","decl":{"start":{"line":13,"column":16},"end":{"line":13,"column":25}},"loc":{"start":{"line":13,"column":78},"end":{"line":32,"column":1}}},"2":{"name":"quickSort","decl":{"start":{"line":48,"column":16},"end":{"line":48,"column":25}},"loc":{"start":{"line":48,"column":85},"end":{"line":67,"column":1}}}},"branchMap":{"0":{"loc":{"start":{"line":26,"column":4},"end":{"line":29,"column":5}},"type":"if","locations":[{"start":{"line":26,"column":4},"end":{"line":29,"column":5}},{"start":{"line":26,"column":4},"end":{"line":29,"column":5}}]},"1":{"loc":{"start":{"line":48,"column":53},"end":{"line":48,"column":54}},"type":"default-arg","locations":[{"start":{"line":48,"column":53},"end":{"line":48,"column":54}}]},"2":{"loc":{"start":{"line":48,"column":69},"end":{"line":48,"column":85}},"type":"default-arg","locations":[{"start":{"line":48,"column":69},"end":{"line":48,"column":85}}]},"3":{"loc":{"start":{"line":50,"column":2},"end":{"line":65,"column":3}},"type":"if","locations":[{"start":{"line":50,"column":2},"end":{"line":65,"column":3}},{"start":{"line":50,"column":2},"end":{"line":65,"column":3}}]},"4":{"loc":{"start":{"line":56,"column":4},"end":{"line":59,"column":5}},"type":"if","locations":[{"start":{"line":56,"column":4},"end":{"line":59,"column":5}},{"start":{"line":56,"column":4},"end":{"line":59,"column":5}}]},"5":{"loc":{"start":{"line":61,"column":4},"end":{"line":64,"column":5}},"type":"if","locations":[{"start":{"line":61,"column":4},"end":{"line":64,"column":5}},{"start":{"line":61,"column":4},"end":{"line":64,"column":5}}]}},"s":{"0":31,"1":31,"2":31,"3":1,"4":22,"5":22,"6":36,"7":12,"8":36,"9":25,"10":36,"11":31,"12":22,"13":1,"14":21,"15":21,"16":21,"17":10,"18":21,"19":8,"20":21,"21":1},"f":{"0":31,"1":22,"2":21},"b":{"0":[31,5],"1":[3],"2":[3],"3":[21,0],"4":[10,11],"5":[8,13]}}
,"/Users/root1/workspace/google-interview-prep/topics/algorithms/traversal/traverse-bst.ts": {"path":"/Users/root1/workspace/google-interview-prep/topics/algorithms/traversal/traverse-bst.ts","statementMap":{"0":{"start":{"line":1,"column":0},"end":{"line":1,"column":82}},"1":{"start":{"line":2,"column":0},"end":{"line":2,"column":84}},"2":{"start":{"line":9,"column":0},"end":{"line":13,"column":1}},"3":{"start":{"line":10,"column":2},"end":{"line":10,"column":11}},"4":{"start":{"line":11,"column":2},"end":{"line":11,"column":12}},"5":{"start":{"line":12,"column":2},"end":{"line":12,"column":10}},"6":{"start":{"line":15,"column":0},"end":{"line":15,"column":72}},"7":{"start":{"line":21,"column":4},"end":{"line":21,"column":12}},"8":{"start":{"line":22,"column":4},"end":{"line":22,"column":33}},"9":{"start":{"line":25,"column":4},"end":{"line":28,"column":5}},"10":{"start":{"line":27,"column":8},"end":{"line":27,"column":40}},"11":{"start":{"line":32,"column":4},"end":{"line":36,"column":5}},"12":{"start":{"line":33,"column":6},"end":{"line":33,"column":14}},"13":{"start":{"line":34,"column":6},"end":{"line":34,"column":44}},"14":{"start":{"line":35,"column":6},"end":{"line":35,"column":45}},"15":{"start":{"line":17,"column":0},"end":{"line":39,"column":1}}},"fnMap":{"0":{"name":"(anonymous_0)","decl":{"start":{"line":9,"column":0},"end":{"line":9,"column":11}},"loc":{"start":{"line":9,"column":27},"end":{"line":13,"column":1}}},"1":{"name":"(anonymous_1)","decl":{"start":{"line":20,"column":2},"end":{"line":20,"column":14}},"loc":{"start":{"line":20,"column":54},"end":{"line":23,"column":3}}},"2":{"name":"(anonymous_2)","decl":{"start":{"line":24,"column":9},"end":{"line":24,"column":10}},"loc":{"start":{"line":24,"column":18},"end":{"line":29,"column":3}}},"3":{"name":"(anonymous_3)","decl":{"start":{"line":31,"column":10},"end":{"line":31,"column":11}},"loc":{"start":{"line":31,"column":69},"end":{"line":37,"column":3}}}},"branchMap":{"0":{"loc":{"start":{"line":9,"column":12},"end":{"line":9,"column":27}},"type":"binary-expr","locations":[{"start":{"line":9,"column":12},"end":{"line":9,"column":27}},{"start":{"line":9,"column":12},"end":{"line":9,"column":27}}]},"1":{"loc":{"start":{"line":26,"column":6},"end":{"line":27,"column":40}},"type":"switch","locations":[{"start":{"line":26,"column":6},"end":{"line":27,"column":40}}]},"2":{"loc":{"start":{"line":31,"column":56},"end":{"line":31,"column":69}},"type":"default-arg","locations":[{"start":{"line":31,"column":56},"end":{"line":31,"column":69}}]},"3":{"loc":{"start":{"line":32,"column":4},"end":{"line":36,"column":5}},"type":"if","locations":[{"start":{"line":32,"column":4},"end":{"line":36,"column":5}},{"start":{"line":32,"column":4},"end":{"line":36,"column":5}}]}},"s":{"0":1,"1":1,"2":1,"3":1,"4":1,"5":1,"6":1,"7":1,"8":1,"9":1,"10":1,"11":7,"12":3,"13":3,"14":3,"15":1},"f":{"0":1,"1":1,"2":1,"3":7},"b":{"0":[1,1],"1":[1],"2":[1],"3":[3,4]}}
,"/Users/root1/workspace/google-interview-prep/topics/datastructures/hash-table.ts": {"path":"/Users/root1/workspace/google-interview-prep/topics/datastructures/hash-table.ts","statementMap":{"0":{"start":{"line":6,"column":4},"end":{"line":6,"column":19}},"1":{"start":{"line":7,"column":4},"end":{"line":7,"column":21}},"2":{"start":{"line":11,"column":4},"end":{"line":11,"column":24}},"3":{"start":{"line":12,"column":4},"end":{"line":12,"column":28}},"4":{"start":{"line":16,"column":4},"end":{"line":16,"column":62}},"5":{"start":{"line":16,"column":49},"end":{"line":16,"column":58}},"6":{"start":{"line":1,"column":0},"end":{"line":18,"column":1}},"7":{"start":{"line":25,"column":4},"end":{"line":27,"column":46}},"8":{"start":{"line":27,"column":17},"end":{"line":27,"column":44}},"9":{"start":{"line":31,"column":4},"end":{"line":31,"column":49}},"10":{"start":{"line":35,"column":4},"end":{"line":35,"column":50}},"11":{"start":{"line":41,"column":16},"end":{"line":41,"column":17}},"12":{"start":{"line":42,"column":17},"end":{"line":42,"column":28}},"13":{"start":{"line":43,"column":4},"end":{"line":45,"column":5}},"14":{"start":{"line":44,"column":6},"end":{"line":44,"column":44}},"15":{"start":{"line":46,"column":4},"end":{"line":46,"column":17}},"16":{"start":{"line":50,"column":15},"end":{"line":50,"column":16}},"17":{"start":{"line":51,"column":17},"end":{"line":51,"column":28}},"18":{"start":{"line":53,"column":4},"end":{"line":57,"column":5}},"19":{"start":{"line":54,"column":8},"end":{"line":54,"column":34}},"20":{"start":{"line":55,"column":8},"end":{"line":55,"column":41}},"21":{"start":{"line":56,"column":8},"end":{"line":56,"column":27}},"22":{"start":{"line":59,"column":4},"end":{"line":59,"column":26}},"23":{"start":{"line":63,"column":4},"end":{"line":63,"column":36}},"24":{"start":{"line":67,"column":4},"end":{"line":67,"column":32}},"25":{"start":{"line":21,"column":18},"end":{"line":21,"column":39}},"26":{"start":{"line":20,"column":0},"end":{"line":69,"column":1}}},"fnMap":{"0":{"name":"(anonymous_0)","decl":{"start":{"line":5,"column":2},"end":{"line":null,"column":-1}},"loc":{"start":{"line":5,"column":2},"end":{"line":8,"column":3}}},"1":{"name":"(anonymous_1)","decl":{"start":{"line":10,"column":2},"end":{"line":10,"column":4}},"loc":{"start":{"line":10,"column":23},"end":{"line":13,"column":3}}},"2":{"name":"(anonymous_2)","decl":{"start":{"line":15,"column":2},"end":{"line":15,"column":4}},"loc":{"start":{"line":15,"column":13},"end":{"line":17,"column":3}}},"3":{"name":"(anonymous_3)","decl":{"start":{"line":16,"column":44},"end":{"line":16,"column":45}},"loc":{"start":{"line":16,"column":49},"end":{"line":16,"column":58}}},"4":{"name":"(anonymous_4)","decl":{"start":{"line":24,"column":2},"end":{"line":null,"column":-1}},"loc":{"start":{"line":24,"column":2},"end":{"line":28,"column":3}}},"5":{"name":"(anonymous_5)","decl":{"start":{"line":27,"column":11},"end":{"line":27,"column":13}},"loc":{"start":{"line":27,"column":17},"end":{"line":27,"column":44}}},"6":{"name":"(anonymous_6)","decl":{"start":{"line":30,"column":10},"end":{"line":30,"column":18}},"loc":{"start":{"line":30,"column":27},"end":{"line":32,"column":3}}},"7":{"name":"(anonymous_7)","decl":{"start":{"line":34,"column":10},"end":{"line":34,"column":23}},"loc":{"start":{"line":34,"column":32},"end":{"line":36,"column":3}}},"8":{"name":"(anonymous_8)","decl":{"start":{"line":40,"column":10},"end":{"line":40,"column":14}},"loc":{"start":{"line":40,"column":23},"end":{"line":47,"column":3}}},"9":{"name":"(anonymous_9)","decl":{"start":{"line":49,"column":10},"end":{"line":49,"column":15}},"loc":{"start":{"line":49,"column":24},"end":{"line":60,"column":3}}},"10":{"name":"(anonymous_10)","decl":{"start":{"line":62,"column":9},"end":{"line":62,"column":11}},"loc":{"start":{"line":62,"column":18},"end":{"line":64,"column":3}}},"11":{"name":"(anonymous_11)","decl":{"start":{"line":66,"column":9},"end":{"line":66,"column":11}},"loc":{"start":{"line":66,"column":24},"end":{"line":68,"column":3}}}},"branchMap":{},"s":{"0":10002,"1":10002,"2":5,"3":5,"4":4,"5":5,"6":1,"7":1,"8":10000,"9":2,"10":2,"11":0,"12":0,"13":0,"14":0,"15":0,"16":2,"17":2,"18":2,"19":8,"20":8,"21":8,"22":2,"23":1,"24":1,"25":1,"26":1},"f":{"0":10002,"1":5,"2":4,"3":5,"4":1,"5":10000,"6":2,"7":2,"8":0,"9":2,"10":1,"11":1},"b":{}}
,"/Users/root1/workspace/google-interview-prep/topics/datastructures/trees/binary-search-tree.ts": {"path":"/Users/root1/workspace/google-interview-prep/topics/datastructures/trees/binary-search-tree.ts","statementMap":{"0":{"start":{"line":9,"column":4},"end":{"line":9,"column":25}},"1":{"start":{"line":10,"column":4},"end":{"line":10,"column":22}},"2":{"start":{"line":14,"column":4},"end":{"line":14,"column":25}},"3":{"start":{"line":18,"column":21},"end":{"line":18,"column":46}},"4":{"start":{"line":19,"column":4},"end":{"line":19,"column":41}},"5":{"start":{"line":23,"column":4},"end":{"line":35,"column":5}},"6":{"start":{"line":24,"column":6},"end":{"line":24,"column":28}},"7":{"start":{"line":26,"column":31},"end":{"line":26,"column":58}},"8":{"start":{"line":27,"column":6},"end":{"line":33,"column":7}},"9":{"start":{"line":28,"column":8},"end":{"line":28,"column":28}},"10":{"start":{"line":29,"column":13},"end":{"line":33,"column":7}},"11":{"start":{"line":30,"column":8},"end":{"line":30,"column":29}},"12":{"start":{"line":32,"column":8},"end":{"line":32,"column":21}},"13":{"start":{"line":34,"column":6},"end":{"line":34,"column":28}},"14":{"start":{"line":36,"column":4},"end":{"line":36,"column":20}},"15":{"start":{"line":37,"column":4},"end":{"line":37,"column":16}},"16":{"start":{"line":41,"column":38},"end":{"line":41,"column":51}},"17":{"start":{"line":42,"column":39},"end":{"line":42,"column":43}},"18":{"start":{"line":44,"column":4},"end":{"line":53,"column":5}},"19":{"start":{"line":45,"column":6},"end":{"line":45,"column":33}},"20":{"start":{"line":46,"column":31},"end":{"line":46,"column":64}},"21":{"start":{"line":48,"column":6},"end":{"line":52,"column":7}},"22":{"start":{"line":49,"column":8},"end":{"line":49,"column":39}},"23":{"start":{"line":51,"column":8},"end":{"line":51,"column":40}},"24":{"start":{"line":54,"column":4},"end":{"line":54,"column":24}},"25":{"start":{"line":4,"column":0},"end":{"line":56,"column":1}}},"fnMap":{"0":{"name":"(anonymous_0)","decl":{"start":{"line":8,"column":2},"end":{"line":null,"column":-1}},"loc":{"start":{"line":8,"column":2},"end":{"line":11,"column":3}}},"1":{"name":"(anonymous_1)","decl":{"start":{"line":13,"column":2},"end":{"line":13,"column":12}},"loc":{"start":{"line":13,"column":17},"end":{"line":15,"column":3}}},"2":{"name":"(anonymous_2)","decl":{"start":{"line":17,"column":9},"end":{"line":17,"column":11}},"loc":{"start":{"line":17,"column":23},"end":{"line":20,"column":3}}},"3":{"name":"(anonymous_3)","decl":{"start":{"line":22,"column":10},"end":{"line":22,"column":17}},"loc":{"start":{"line":22,"column":54},"end":{"line":38,"column":3}}},"4":{"name":"(anonymous_4)","decl":{"start":{"line":40,"column":9},"end":{"line":40,"column":16}},"loc":{"start":{"line":40,"column":26},"end":{"line":55,"column":3}}}},"branchMap":{"0":{"loc":{"start":{"line":23,"column":4},"end":{"line":35,"column":5}},"type":"if","locations":[{"start":{"line":23,"column":4},"end":{"line":35,"column":5}},{"start":{"line":23,"column":4},"end":{"line":35,"column":5}}]},"1":{"loc":{"start":{"line":27,"column":6},"end":{"line":33,"column":7}},"type":"if","locations":[{"start":{"line":27,"column":6},"end":{"line":33,"column":7}},{"start":{"line":27,"column":6},"end":{"line":33,"column":7}}]},"2":{"loc":{"start":{"line":29,"column":13},"end":{"line":33,"column":7}},"type":"if","locations":[{"start":{"line":29,"column":13},"end":{"line":33,"column":7}},{"start":{"line":29,"column":13},"end":{"line":33,"column":7}}]},"3":{"loc":{"start":{"line":48,"column":6},"end":{"line":52,"column":7}},"type":"if","locations":[{"start":{"line":48,"column":6},"end":{"line":52,"column":7}},{"start":{"line":48,"column":6},"end":{"line":52,"column":7}}]}},"s":{"0":2,"1":2,"2":1,"3":1,"4":1,"5":1,"6":1,"7":0,"8":0,"9":0,"10":0,"11":0,"12":0,"13":0,"14":1,"15":1,"16":1,"17":1,"18":1,"19":0,"20":0,"21":0,"22":0,"23":0,"24":1,"25":2},"f":{"0":2,"1":1,"2":1,"3":1,"4":1},"b":{"0":[1,0],"1":[0,0],"2":[0,0],"3":[0,0]}}
,"/Users/root1/workspace/google-interview-prep/topics/datastructures/trees/binary-tree-node.ts": {"path":"/Users/root1/workspace/google-interview-prep/topics/datastructures/trees/binary-tree-node.ts","statementMap":{"0":{"start":{"line":10,"column":4},"end":{"line":10,"column":25}},"1":{"start":{"line":11,"column":4},"end":{"line":11,"column":21}},"2":{"start":{"line":12,"column":4},"end":{"line":12,"column":22}},"3":{"start":{"line":4,"column":0},"end":{"line":14,"column":1}},"4":{"start":{"line":26,"column":4},"end":{"line":26,"column":22}},"5":{"start":{"line":27,"column":4},"end":{"line":27,"column":23}},"6":{"start":{"line":31,"column":4},"end":{"line":31,"column":52}},"7":{"start":{"line":39,"column":4},"end":{"line":39,"column":46}},"8":{"start":{"line":16,"column":0},"end":{"line":41,"column":1}}},"fnMap":{"0":{"name":"(anonymous_0)","decl":{"start":{"line":9,"column":2},"end":{"line":9,"column":13}},"loc":{"start":{"line":9,"column":52},"end":{"line":13,"column":3}}},"1":{"name":"(anonymous_1)","decl":{"start":{"line":25,"column":2},"end":{"line":25,"column":14}},"loc":{"start":{"line":25,"column":70},"end":{"line":28,"column":3}}},"2":{"name":"(anonymous_2)","decl":{"start":{"line":30,"column":9},"end":{"line":30,"column":21}},"loc":{"start":{"line":30,"column":60},"end":{"line":32,"column":3}}},"3":{"name":"(anonymous_3)","decl":{"start":{"line":38,"column":9},"end":{"line":38,"column":22}},"loc":{"start":{"line":38,"column":32},"end":{"line":40,"column":3}}}},"branchMap":{},"s":{"0":3,"1":3,"2":3,"3":2,"4":3,"5":3,"6":0,"7":0,"8":2},"f":{"0":3,"1":3,"2":0,"3":0},"b":{}}
,"/Users/root1/workspace/google-interview-prep/topics/datastructures/trees/avl-tree/avl-tree.ts": {"path":"/Users/root1/workspace/google-interview-prep/topics/datastructures/trees/avl-tree/avl-tree.ts","statementMap":{"0":{"start":{"line":1,"column":0},"end":{"line":1,"column":84}},"1":{"start":{"line":2,"column":0},"end":{"line":2,"column":82}},"2":{"start":{"line":5,"column":0},"end":{"line":7,"column":1}},"3":{"start":{"line":22,"column":4},"end":{"line":24,"column":10}},"4":{"start":{"line":28,"column":17},"end":{"line":31,"column":6}},"5":{"start":{"line":33,"column":4},"end":{"line":42,"column":5}},"6":{"start":{"line":34,"column":6},"end":{"line":41,"column":7}},"7":{"start":{"line":36,"column":8},"end":{"line":39,"column":14}},"8":{"start":{"line":43,"column":4},"end":{"line":43,"column":16}},"9":{"start":{"line":20,"column":0},"end":{"line":45,"column":1}}},"fnMap":{"0":{"name":"(anonymous_0)","decl":{"start":{"line":21,"column":9},"end":{"line":21,"column":14}},"loc":{"start":{"line":21,"column":46},"end":{"line":25,"column":3}}},"1":{"name":"(anonymous_1)","decl":{"start":{"line":27,"column":9},"end":{"line":27,"column":11}},"loc":{"start":{"line":27,"column":21},"end":{"line":44,"column":3}}}},"branchMap":{"0":{"loc":{"start":{"line":23,"column":8},"end":{"line":23,"column":24}},"type":"cond-expr","locations":[{"start":{"line":23,"column":8},"end":{"line":23,"column":24}},{"start":{"line":24,"column":8},"end":{"line":24,"column":9}}]},"1":{"loc":{"start":{"line":23,"column":8},"end":{"line":23,"column":19}},"type":"binary-expr","locations":[{"start":{"line":23,"column":8},"end":{"line":23,"column":19}},{"start":{"line":23,"column":23},"end":{"line":23,"column":24}}]},"2":{"loc":{"start":{"line":33,"column":4},"end":{"line":42,"column":5}},"type":"if","locations":[{"start":{"line":33,"column":4},"end":{"line":42,"column":5}},{"start":{"line":33,"column":4},"end":{"line":42,"column":5}}]}},"s":{"0":1,"1":1,"2":1,"3":0,"4":0,"5":0,"6":0,"7":0,"8":0,"9":1},"f":{"0":0,"1":0},"b":{"0":[0,0],"1":[0,0],"2":[0,0]}}
}
