TN:
SF:/Users/root1/workspace/google-interview-prep/topics/algorithms/sorting/merge-sort.ts
FN:1,merge
FN:21,mergeSortRecursive
FNF:2
FNH:2
FNDA:18,merge
FNDA:38,mergeSortRecursive
DA:1,1
DA:2,18
DA:3,18
DA:4,18
DA:6,18
DA:7,41
DA:8,9
DA:10,32
DA:14,18
DA:21,1
DA:22,38
DA:23,20
DA:26,18
DA:28,18
LF:14
LH:14
BRDA:6,0,0,59
BRDA:6,0,1,54
BRDA:7,1,0,9
BRDA:7,1,1,32
BRDA:22,2,0,20
BRDA:22,2,1,18
BRF:6
BRH:6
end_of_record
TN:
SF:/Users/root1/workspace/google-interview-prep/topics/algorithms/sorting/quick-sort.ts
FN:1,swap
FN:13,partition
FN:48,quickSort
FNF:3
FNH:3
FNDA:31,swap
FNDA:22,partition
FNDA:21,quickSort
DA:1,1
DA:3,31
DA:4,31
DA:5,31
DA:13,1
DA:14,22
DA:16,22
DA:18,36
DA:19,12
DA:22,36
DA:23,25
DA:26,36
DA:28,31
DA:31,22
DA:48,1
DA:50,21
DA:51,21
DA:56,21
DA:58,10
DA:61,21
DA:63,8
DA:66,21
LF:22
LH:22
BRDA:26,0,0,31
BRDA:26,0,1,5
BRDA:48,1,0,3
BRDA:48,2,0,3
BRDA:50,3,0,21
BRDA:50,3,1,0
BRDA:56,4,0,10
BRDA:56,4,1,11
BRDA:61,5,0,8
BRDA:61,5,1,13
BRF:10
BRH:9
end_of_record
TN:
SF:/Users/root1/workspace/google-interview-prep/topics/algorithms/traversal/traverse-bst.ts
FN:9,(anonymous_0)
FN:20,(anonymous_1)
FN:24,(anonymous_2)
FN:31,(anonymous_3)
FNF:4
FNH:4
FNDA:1,(anonymous_0)
FNDA:1,(anonymous_1)
FNDA:1,(anonymous_2)
FNDA:7,(anonymous_3)
DA:1,1
DA:2,1
DA:9,1
DA:10,1
DA:11,1
DA:12,1
DA:15,1
DA:17,1
DA:21,1
DA:22,1
DA:25,1
DA:27,1
DA:32,7
DA:33,3
DA:34,3
DA:35,3
LF:16
LH:16
BRDA:9,0,0,1
BRDA:9,0,1,1
BRDA:26,1,0,1
BRDA:31,2,0,1
BRDA:32,3,0,3
BRDA:32,3,1,4
BRF:6
BRH:6
end_of_record
TN:
SF:/Users/root1/workspace/google-interview-prep/topics/datastructures/hash-table.ts
FN:5,(anonymous_0)
FN:10,(anonymous_1)
FN:15,(anonymous_2)
FN:16,(anonymous_3)
FN:24,(anonymous_4)
FN:27,(anonymous_5)
FN:30,(anonymous_6)
FN:34,(anonymous_7)
FN:40,(anonymous_8)
FN:49,(anonymous_9)
FN:62,(anonymous_10)
FN:66,(anonymous_11)
FNF:12
FNH:11
FNDA:10002,(anonymous_0)
FNDA:5,(anonymous_1)
FNDA:4,(anonymous_2)
FNDA:5,(anonymous_3)
FNDA:1,(anonymous_4)
FNDA:10000,(anonymous_5)
FNDA:2,(anonymous_6)
FNDA:2,(anonymous_7)
FNDA:0,(anonymous_8)
FNDA:2,(anonymous_9)
FNDA:1,(anonymous_10)
FNDA:1,(anonymous_11)
DA:1,1
DA:6,10002
DA:7,10002
DA:11,5
DA:12,5
DA:16,5
DA:20,1
DA:21,1
DA:25,1
DA:27,10000
DA:31,2
DA:35,2
DA:41,0
DA:42,0
DA:43,0
DA:44,0
DA:46,0
DA:50,2
DA:51,2
DA:53,2
DA:54,8
DA:55,8
DA:56,8
DA:59,2
DA:63,1
DA:67,1
LF:26
LH:21
BRF:0
BRH:0
end_of_record
TN:
SF:/Users/root1/workspace/google-interview-prep/topics/datastructures/trees/binary-search-tree.ts
FN:8,(anonymous_0)
FN:13,(anonymous_1)
FN:17,(anonymous_2)
FN:22,(anonymous_3)
FN:40,(anonymous_4)
FNF:5
FNH:5
FNDA:2,(anonymous_0)
FNDA:1,(anonymous_1)
FNDA:1,(anonymous_2)
FNDA:1,(anonymous_3)
FNDA:1,(anonymous_4)
DA:4,2
DA:9,2
DA:10,2
DA:14,1
DA:18,1
DA:19,1
DA:23,1
DA:24,1
DA:26,0
DA:27,0
DA:28,0
DA:29,0
DA:30,0
DA:32,0
DA:34,0
DA:36,1
DA:37,1
DA:41,1
DA:42,1
DA:44,1
DA:45,0
DA:46,0
DA:48,0
DA:49,0
DA:51,0
DA:54,1
LF:26
LH:14
BRDA:23,0,0,1
BRDA:23,0,1,0
BRDA:27,1,0,0
BRDA:27,1,1,0
BRDA:29,2,0,0
BRDA:29,2,1,0
BRDA:48,3,0,0
BRDA:48,3,1,0
BRF:8
BRH:1
end_of_record
TN:
SF:/Users/root1/workspace/google-interview-prep/topics/datastructures/trees/binary-tree-node.ts
FN:9,(anonymous_0)
FN:25,(anonymous_1)
FN:30,(anonymous_2)
FN:38,(anonymous_3)
FNF:4
FNH:2
FNDA:3,(anonymous_0)
FNDA:3,(anonymous_1)
FNDA:0,(anonymous_2)
FNDA:0,(anonymous_3)
DA:4,2
DA:10,3
DA:11,3
DA:12,3
DA:16,2
DA:26,3
DA:27,3
DA:31,0
DA:39,0
LF:9
LH:7
BRF:0
BRH:0
end_of_record
TN:
SF:/Users/root1/workspace/google-interview-prep/topics/datastructures/trees/avl-tree/avl-tree.ts
FN:21,(anonymous_0)
FN:27,(anonymous_1)
FNF:2
FNH:0
FNDA:0,(anonymous_0)
FNDA:0,(anonymous_1)
DA:1,1
DA:2,1
DA:5,1
DA:20,1
DA:22,0
DA:28,0
DA:33,0
DA:34,0
DA:36,0
DA:43,0
LF:10
LH:4
BRDA:23,0,0,0
BRDA:23,0,1,0
BRDA:23,1,0,0
BRDA:23,1,1,0
BRDA:33,2,0,0
BRDA:33,2,1,0
BRF:6
BRH:0
end_of_record
